-------------------------------------------------------------------------------
Test set: com.samthegitguy.passwordmanagerone.AppTest
-------------------------------------------------------------------------------
Tests run: 1, Failures: 1, Errors: 0, Skipped: 0, Time elapsed: 0.328 s <<< FAILURE! - in com.samthegitguy.passwordmanagerone.AppTest
shouldAnswerWithTrue(com.samthegitguy.passwordmanagerone.AppTest)  Time elapsed: 0.029 s  <<< FAILURE!
java.lang.AssertionError
	at com.samthegitguy.passwordmanagerone.AppTest.shouldAnswerWithTrue(AppTest.java:16)

